The system is: Darwin - 15.4.0 - x86_64
Compiling the C compiler identification source file "CMakeCCompilerId.c" succeeded.
Compiler: /Applications/Xcode.app/Contents/Developer/Toolchains/XcodeDefault.xctoolchain/usr/bin/cc 
Build flags: 
Id flags: 

The output was:
0


Compilation of the C compiler identification source "CMakeCCompilerId.c" produced "a.out"

The C compiler identification is AppleClang, found in "/nfs/2014/c/chaueur/Downloads/glfw-3.1.2/CMakeFiles/3.5.1/CompilerIdC/a.out"

Determining if the C compiler works passed with the following output:
Change Dir: /nfs/2014/c/chaueur/Downloads/glfw-3.1.2/CMakeFiles/CMakeTmp

Run Build Command:"/usr/bin/make" "cmTC_a3fbb/fast"
/Applications/Xcode.app/Contents/Developer/usr/bin/make -f CMakeFiles/cmTC_a3fbb.dir/build.make CMakeFiles/cmTC_a3fbb.dir/build
Building C object CMakeFiles/cmTC_a3fbb.dir/testCCompiler.c.o
/Applications/Xcode.app/Contents/Developer/Toolchains/XcodeDefault.xctoolchain/usr/bin/cc     -o CMakeFiles/cmTC_a3fbb.dir/testCCompiler.c.o   -c /nfs/2014/c/chaueur/Downloads/glfw-3.1.2/CMakeFiles/CMakeTmp/testCCompiler.c
Linking C executable cmTC_a3fbb
/nfs/2014/c/chaueur/.brew/Cellar/cmake/3.5.1/bin/cmake -E cmake_link_script CMakeFiles/cmTC_a3fbb.dir/link.txt --verbose=1
/Applications/Xcode.app/Contents/Developer/Toolchains/XcodeDefault.xctoolchain/usr/bin/cc    -Wl,-search_paths_first -Wl,-headerpad_max_install_names   CMakeFiles/cmTC_a3fbb.dir/testCCompiler.c.o  -o cmTC_a3fbb  


Detecting C compiler ABI info compiled with the following output:
Change Dir: /nfs/2014/c/chaueur/Downloads/glfw-3.1.2/CMakeFiles/CMakeTmp

Run Build Command:"/usr/bin/make" "cmTC_691ef/fast"
/Applications/Xcode.app/Contents/Developer/usr/bin/make -f CMakeFiles/cmTC_691ef.dir/build.make CMakeFiles/cmTC_691ef.dir/build
Building C object CMakeFiles/cmTC_691ef.dir/CMakeCCompilerABI.c.o
/Applications/Xcode.app/Contents/Developer/Toolchains/XcodeDefault.xctoolchain/usr/bin/cc     -o CMakeFiles/cmTC_691ef.dir/CMakeCCompilerABI.c.o   -c /nfs/2014/c/chaueur/.brew/Cellar/cmake/3.5.1/share/cmake/Modules/CMakeCCompilerABI.c
Linking C executable cmTC_691ef
/nfs/2014/c/chaueur/.brew/Cellar/cmake/3.5.1/bin/cmake -E cmake_link_script CMakeFiles/cmTC_691ef.dir/link.txt --verbose=1
/Applications/Xcode.app/Contents/Developer/Toolchains/XcodeDefault.xctoolchain/usr/bin/cc    -Wl,-search_paths_first -Wl,-headerpad_max_install_names  -v -Wl,-v CMakeFiles/cmTC_691ef.dir/CMakeCCompilerABI.c.o  -o cmTC_691ef   
Apple LLVM version 7.3.0 (clang-703.0.29)
Target: x86_64-apple-darwin15.4.0
Thread model: posix
InstalledDir: /Applications/Xcode.app/Contents/Developer/Toolchains/XcodeDefault.xctoolchain/usr/bin
 "/Applications/Xcode.app/Contents/Developer/Toolchains/XcodeDefault.xctoolchain/usr/bin/ld" -demangle -dynamic -arch x86_64 -macosx_version_min 10.11.0 -o cmTC_691ef -search_paths_first -headerpad_max_install_names -v CMakeFiles/cmTC_691ef.dir/CMakeCCompilerABI.c.o -lSystem /Applications/Xcode.app/Contents/Developer/Toolchains/XcodeDefault.xctoolchain/usr/bin/../lib/clang/7.3.0/lib/darwin/libclang_rt.osx.a
@(#)PROGRAM:ld  PROJECT:ld64-264.3.101
configured to support archs: armv6 armv7 armv7s arm64 i386 x86_64 x86_64h armv6m armv7k armv7m armv7em (tvOS)
Library search paths:
	/usr/lib
	/usr/local/lib
Framework search paths:
	/Library/Frameworks/
	/System/Library/Frameworks/


Parsed C implicit link information from above output:
  link line regex: [^( *|.*[/\])(ld|([^/\]+-)?ld|collect2)[^/\]*( |$)]
  ignore line: [Change Dir: /nfs/2014/c/chaueur/Downloads/glfw-3.1.2/CMakeFiles/CMakeTmp]
  ignore line: []
  ignore line: [Run Build Command:"/usr/bin/make" "cmTC_691ef/fast"]
  ignore line: [/Applications/Xcode.app/Contents/Developer/usr/bin/make -f CMakeFiles/cmTC_691ef.dir/build.make CMakeFiles/cmTC_691ef.dir/build]
  ignore line: [Building C object CMakeFiles/cmTC_691ef.dir/CMakeCCompilerABI.c.o]
  ignore line: [/Applications/Xcode.app/Contents/Developer/Toolchains/XcodeDefault.xctoolchain/usr/bin/cc     -o CMakeFiles/cmTC_691ef.dir/CMakeCCompilerABI.c.o   -c /nfs/2014/c/chaueur/.brew/Cellar/cmake/3.5.1/share/cmake/Modules/CMakeCCompilerABI.c]
  ignore line: [Linking C executable cmTC_691ef]
  ignore line: [/nfs/2014/c/chaueur/.brew/Cellar/cmake/3.5.1/bin/cmake -E cmake_link_script CMakeFiles/cmTC_691ef.dir/link.txt --verbose=1]
  ignore line: [/Applications/Xcode.app/Contents/Developer/Toolchains/XcodeDefault.xctoolchain/usr/bin/cc    -Wl,-search_paths_first -Wl,-headerpad_max_install_names  -v -Wl,-v CMakeFiles/cmTC_691ef.dir/CMakeCCompilerABI.c.o  -o cmTC_691ef   ]
  ignore line: [Apple LLVM version 7.3.0 (clang-703.0.29)]
  ignore line: [Target: x86_64-apple-darwin15.4.0]
  ignore line: [Thread model: posix]
  ignore line: [InstalledDir: /Applications/Xcode.app/Contents/Developer/Toolchains/XcodeDefault.xctoolchain/usr/bin]
  link line: [ "/Applications/Xcode.app/Contents/Developer/Toolchains/XcodeDefault.xctoolchain/usr/bin/ld" -demangle -dynamic -arch x86_64 -macosx_version_min 10.11.0 -o cmTC_691ef -search_paths_first -headerpad_max_install_names -v CMakeFiles/cmTC_691ef.dir/CMakeCCompilerABI.c.o -lSystem /Applications/Xcode.app/Contents/Developer/Toolchains/XcodeDefault.xctoolchain/usr/bin/../lib/clang/7.3.0/lib/darwin/libclang_rt.osx.a]
    arg [/Applications/Xcode.app/Contents/Developer/Toolchains/XcodeDefault.xctoolchain/usr/bin/ld] ==> ignore
    arg [-demangle] ==> ignore
    arg [-dynamic] ==> ignore
    arg [-arch] ==> ignore
    arg [x86_64] ==> ignore
    arg [-macosx_version_min] ==> ignore
    arg [10.11.0] ==> ignore
    arg [-o] ==> ignore
    arg [cmTC_691ef] ==> ignore
    arg [-search_paths_first] ==> ignore
    arg [-headerpad_max_install_names] ==> ignore
    arg [-v] ==> ignore
    arg [CMakeFiles/cmTC_691ef.dir/CMakeCCompilerABI.c.o] ==> ignore
    arg [-lSystem] ==> lib [System]
    arg [/Applications/Xcode.app/Contents/Developer/Toolchains/XcodeDefault.xctoolchain/usr/bin/../lib/clang/7.3.0/lib/darwin/libclang_rt.osx.a] ==> lib [/Applications/Xcode.app/Contents/Developer/Toolchains/XcodeDefault.xctoolchain/usr/bin/../lib/clang/7.3.0/lib/darwin/libclang_rt.osx.a]
  Library search paths: [;/usr/lib;/usr/local/lib]
  Framework search paths: [;/Library/Frameworks/;/System/Library/Frameworks/]
  remove lib [System]
  collapse lib [/Applications/Xcode.app/Contents/Developer/Toolchains/XcodeDefault.xctoolchain/usr/bin/../lib/clang/7.3.0/lib/darwin/libclang_rt.osx.a] ==> [/Applications/Xcode.app/Contents/Developer/Toolchains/XcodeDefault.xctoolchain/usr/lib/clang/7.3.0/lib/darwin/libclang_rt.osx.a]
  collapse library dir [/usr/lib] ==> [/usr/lib]
  collapse library dir [/usr/local/lib] ==> [/usr/local/lib]
  collapse framework dir [/Library/Frameworks/] ==> [/Library/Frameworks]
  collapse framework dir [/System/Library/Frameworks/] ==> [/System/Library/Frameworks]
  implicit libs: [/Applications/Xcode.app/Contents/Developer/Toolchains/XcodeDefault.xctoolchain/usr/lib/clang/7.3.0/lib/darwin/libclang_rt.osx.a]
  implicit dirs: [/usr/lib;/usr/local/lib]
  implicit fwks: [/Library/Frameworks;/System/Library/Frameworks]




Detecting C [-std=c11] compiler features compiled with the following output:
Change Dir: /nfs/2014/c/chaueur/Downloads/glfw-3.1.2/CMakeFiles/CMakeTmp

Run Build Command:"/usr/bin/make" "cmTC_464ba/fast"
/Applications/Xcode.app/Contents/Developer/usr/bin/make -f CMakeFiles/cmTC_464ba.dir/build.make CMakeFiles/cmTC_464ba.dir/build
Building C object CMakeFiles/cmTC_464ba.dir/feature_tests.c.o
/Applications/Xcode.app/Contents/Developer/Toolchains/XcodeDefault.xctoolchain/usr/bin/cc    -std=c11 -o CMakeFiles/cmTC_464ba.dir/feature_tests.c.o   -c /nfs/2014/c/chaueur/Downloads/glfw-3.1.2/CMakeFiles/feature_tests.c
Linking C executable cmTC_464ba
/nfs/2014/c/chaueur/.brew/Cellar/cmake/3.5.1/bin/cmake -E cmake_link_script CMakeFiles/cmTC_464ba.dir/link.txt --verbose=1
/Applications/Xcode.app/Contents/Developer/Toolchains/XcodeDefault.xctoolchain/usr/bin/cc    -Wl,-search_paths_first -Wl,-headerpad_max_install_names   CMakeFiles/cmTC_464ba.dir/feature_tests.c.o  -o cmTC_464ba  


    Feature record: C_FEATURE:1c_function_prototypes
    Feature record: C_FEATURE:1c_restrict
    Feature record: C_FEATURE:1c_static_assert
    Feature record: C_FEATURE:1c_variadic_macros


Detecting C [-std=c99] compiler features compiled with the following output:
Change Dir: /nfs/2014/c/chaueur/Downloads/glfw-3.1.2/CMakeFiles/CMakeTmp

Run Build Command:"/usr/bin/make" "cmTC_1b431/fast"
/Applications/Xcode.app/Contents/Developer/usr/bin/make -f CMakeFiles/cmTC_1b431.dir/build.make CMakeFiles/cmTC_1b431.dir/build
Building C object CMakeFiles/cmTC_1b431.dir/feature_tests.c.o
/Applications/Xcode.app/Contents/Developer/Toolchains/XcodeDefault.xctoolchain/usr/bin/cc    -std=c99 -o CMakeFiles/cmTC_1b431.dir/feature_tests.c.o   -c /nfs/2014/c/chaueur/Downloads/glfw-3.1.2/CMakeFiles/feature_tests.c
Linking C executable cmTC_1b431
/nfs/2014/c/chaueur/.brew/Cellar/cmake/3.5.1/bin/cmake -E cmake_link_script CMakeFiles/cmTC_1b431.dir/link.txt --verbose=1
/Applications/Xcode.app/Contents/Developer/Toolchains/XcodeDefault.xctoolchain/usr/bin/cc    -Wl,-search_paths_first -Wl,-headerpad_max_install_names   CMakeFiles/cmTC_1b431.dir/feature_tests.c.o  -o cmTC_1b431  


    Feature record: C_FEATURE:1c_function_prototypes
    Feature record: C_FEATURE:1c_restrict
    Feature record: C_FEATURE:0c_static_assert
    Feature record: C_FEATURE:1c_variadic_macros


Detecting C [-std=c90] compiler features compiled with the following output:
Change Dir: /nfs/2014/c/chaueur/Downloads/glfw-3.1.2/CMakeFiles/CMakeTmp

Run Build Command:"/usr/bin/make" "cmTC_06082/fast"
/Applications/Xcode.app/Contents/Developer/usr/bin/make -f CMakeFiles/cmTC_06082.dir/build.make CMakeFiles/cmTC_06082.dir/build
Building C object CMakeFiles/cmTC_06082.dir/feature_tests.c.o
/Applications/Xcode.app/Contents/Developer/Toolchains/XcodeDefault.xctoolchain/usr/bin/cc    -std=c90 -o CMakeFiles/cmTC_06082.dir/feature_tests.c.o   -c /nfs/2014/c/chaueur/Downloads/glfw-3.1.2/CMakeFiles/feature_tests.c
Linking C executable cmTC_06082
/nfs/2014/c/chaueur/.brew/Cellar/cmake/3.5.1/bin/cmake -E cmake_link_script CMakeFiles/cmTC_06082.dir/link.txt --verbose=1
/Applications/Xcode.app/Contents/Developer/Toolchains/XcodeDefault.xctoolchain/usr/bin/cc    -Wl,-search_paths_first -Wl,-headerpad_max_install_names   CMakeFiles/cmTC_06082.dir/feature_tests.c.o  -o cmTC_06082  


    Feature record: C_FEATURE:1c_function_prototypes
    Feature record: C_FEATURE:0c_restrict
    Feature record: C_FEATURE:0c_static_assert
    Feature record: C_FEATURE:0c_variadic_macros
Determining if the include file pthread.h exists passed with the following output:
Change Dir: /nfs/2014/c/chaueur/Downloads/glfw-3.1.2/CMakeFiles/CMakeTmp

Run Build Command:"/usr/bin/make" "cmTC_eba4c/fast"
/Applications/Xcode.app/Contents/Developer/usr/bin/make -f CMakeFiles/cmTC_eba4c.dir/build.make CMakeFiles/cmTC_eba4c.dir/build
Building C object CMakeFiles/cmTC_eba4c.dir/CheckIncludeFile.c.o
/Applications/Xcode.app/Contents/Developer/Toolchains/XcodeDefault.xctoolchain/usr/bin/cc     -o CMakeFiles/cmTC_eba4c.dir/CheckIncludeFile.c.o   -c /nfs/2014/c/chaueur/Downloads/glfw-3.1.2/CMakeFiles/CMakeTmp/CheckIncludeFile.c
Linking C executable cmTC_eba4c
/nfs/2014/c/chaueur/.brew/Cellar/cmake/3.5.1/bin/cmake -E cmake_link_script CMakeFiles/cmTC_eba4c.dir/link.txt --verbose=1
/Applications/Xcode.app/Contents/Developer/Toolchains/XcodeDefault.xctoolchain/usr/bin/cc    -Wl,-search_paths_first -Wl,-headerpad_max_install_names   CMakeFiles/cmTC_eba4c.dir/CheckIncludeFile.c.o  -o cmTC_eba4c  


Determining if the pthread_create exist passed with the following output:
Change Dir: /nfs/2014/c/chaueur/Downloads/glfw-3.1.2/CMakeFiles/CMakeTmp

Run Build Command:"/usr/bin/make" "cmTC_54cfa/fast"
/Applications/Xcode.app/Contents/Developer/usr/bin/make -f CMakeFiles/cmTC_54cfa.dir/build.make CMakeFiles/cmTC_54cfa.dir/build
Building C object CMakeFiles/cmTC_54cfa.dir/CheckSymbolExists.c.o
/Applications/Xcode.app/Contents/Developer/Toolchains/XcodeDefault.xctoolchain/usr/bin/cc     -o CMakeFiles/cmTC_54cfa.dir/CheckSymbolExists.c.o   -c /nfs/2014/c/chaueur/Downloads/glfw-3.1.2/CMakeFiles/CMakeTmp/CheckSymbolExists.c
Linking C executable cmTC_54cfa
/nfs/2014/c/chaueur/.brew/Cellar/cmake/3.5.1/bin/cmake -E cmake_link_script CMakeFiles/cmTC_54cfa.dir/link.txt --verbose=1
/Applications/Xcode.app/Contents/Developer/Toolchains/XcodeDefault.xctoolchain/usr/bin/cc    -Wl,-search_paths_first -Wl,-headerpad_max_install_names   CMakeFiles/cmTC_54cfa.dir/CheckSymbolExists.c.o  -o cmTC_54cfa  

File /nfs/2014/c/chaueur/Downloads/glfw-3.1.2/CMakeFiles/CMakeTmp/CheckSymbolExists.c:
/* */
#include <pthread.h>

int main(int argc, char** argv)
{
  (void)argv;
#ifndef pthread_create
  return ((int*)(&pthread_create))[argc];
#else
  (void)argc;
  return 0;
#endif
}

